<?xml version="1.0" encoding="UTF-8"?>
<!-- Generated by org.testng.reporters.JUnitReportReporter -->
<testsuite hostname="Anshul-Laptop" failures="0" tests="3" name="com.medicare.Tests.AddToCartTestPage" time="6.450" errors="0" timestamp="2023-12-22T18:22:06 IST" skipped="0">
  <testcase classname="com.medicare.Tests.AddToCartTestPage" name="test_login" time="6.010"/>
  <system-out/>
  <testcase classname="com.medicare.Tests.AddToCartTestPage" name="test_add_product_to_cart" time="0.344"/>
  <system-out/>
  <testcase classname="com.medicare.Tests.AddToCartTestPage" name="test_validate_success_message" time="0.096"/>
  <system-out/>
</testsuite> <!-- com.medicare.Tests.AddToCartTestPage -->
