<?xml version="1.0" encoding="UTF-8"?>
<!-- Generated by org.testng.reporters.JUnitReportReporter -->
<testsuite hostname="Anshul-Laptop" failures="0" tests="3" name="com.medicare.Tests.HomePageTest" time="1.696" errors="0" timestamp="2023-12-22T18:22:49 IST" skipped="0">
  <testcase classname="com.medicare.Tests.HomePageTest" name="test_getTitle_page" time="0.020"/>
  <system-out/>
  <testcase classname="com.medicare.Tests.HomePageTest" name="Test_Validate_Text_On_Page" time="0.040"/>
  <system-out/>
  <testcase classname="com.medicare.Tests.HomePageTest" name="test_click_register_link" time="1.636"/>
  <system-out/>
</testsuite> <!-- com.medicare.Tests.HomePageTest -->
