<?xml version="1.0" encoding="UTF-8"?>
<!-- Generated by org.testng.reporters.JUnitReportReporter -->
<testsuite hostname="Anshul-Laptop" failures="0" tests="3" name="com.medicare.Tests.OrderPageTest" time="5.768" errors="0" timestamp="2023-12-22T18:24:42 IST" skipped="0">
  <testcase classname="com.medicare.Tests.OrderPageTest" name="test_login" time="5.142"/>
  <system-out/>
  <testcase classname="com.medicare.Tests.OrderPageTest" name="test_click_orders" time="0.613"/>
  <system-out/>
  <testcase classname="com.medicare.Tests.OrderPageTest" name="test_getTitle_page" time="0.013"/>
  <system-out/>
</testsuite> <!-- com.medicare.Tests.OrderPageTest -->
