<?xml version="1.0" encoding="UTF-8"?>
<!-- Generated by org.testng.reporters.JUnitReportReporter -->
<testsuite hostname="Anshul-Laptop" failures="0" tests="4" name="com.medicare.Tests.LoginPageTest" time="10.556" errors="0" timestamp="2023-12-22T18:24:01 IST" skipped="0">
  <testcase classname="com.medicare.Tests.LoginPageTest" name="test_login" time="9.701"/>
  <system-out/>
  <testcase classname="com.medicare.Tests.LoginPageTest" name="test_getTitle_page" time="0.020"/>
  <system-out/>
  <testcase classname="com.medicare.Tests.LoginPageTest" name="Test_validate_registration_Text" time="0.030"/>
  <system-out/>
  <testcase classname="com.medicare.Tests.LoginPageTest" name="test_click_cart" time="0.805"/>
  <system-out/>
</testsuite> <!-- com.medicare.Tests.LoginPageTest -->
